<?xml version="1.0" encoding="UTF-8"?>
<!-- Generated by org.testng.reporters.JUnitReportReporter -->
<testsuite skipped="0" hostname="DESKTOP-EMG1SG7" name="com.maven_test.Mvn" tests="1" failures="0" timestamp="26 Apr 2022 07:11:08 GMT" time="0.015" errors="0">
  <testcase name="test" time="0.015" classname="com.maven_test.Mvn"/>
</testsuite> <!-- com.maven_test.Mvn -->
